Build started 10/2/2015 10:14:36 PM.
     1>Project "C:\Users\jsimpson\Git-Clones-001\win32proto\Win32Proto1\Win32Proto1\Win32Proto1.vcxproj" on node 2 (Build target(s)).
     1>ClCompile:
         C:\Program Files (x86)\Microsoft Visual Studio 14.0\VC\bin\CL.exe /c /ZI /nologo /W3 /WX- /sdl /Od /Oy- /D WIN32 /D _DEBUG /D _WINDOWS /D _UNICODE /D UNICODE /Gm /EHsc /RTC1 /MDd /GS /fp:precise /Zc:wchar_t /Zc:forScope /Zc:inline /Fo"Debug\\" /Fd"Debug\vc140.pdb" /Gd /TP /analyze- /errorReport:prompt Card.cpp GameEngine.cpp Hand.cpp Win32ProtoMainClass.cpp
         Win32ProtoMainClass.cpp
         Hand.cpp
     1>c:\users\jsimpson\git-clones-001\win32proto\win32proto1\win32proto1\hand.cpp(60): warning C4018: '<': signed/unsigned mismatch
         GameEngine.cpp
         Card.cpp
         Generating Code...
       Link:
         C:\Program Files (x86)\Microsoft Visual Studio 14.0\VC\bin\link.exe /ERRORREPORT:PROMPT /OUT:"C:\Users\jsimpson\Git-Clones-001\win32proto\Win32Proto1\Debug\Win32Proto1.exe" /INCREMENTAL /NOLOGO kernel32.lib user32.lib gdi32.lib winspool.lib comdlg32.lib advapi32.lib shell32.lib ole32.lib oleaut32.lib uuid.lib odbc32.lib odbccp32.lib gdiplus.lib kernel32.lib user32.lib gdi32.lib winspool.lib comdlg32.lib advapi32.lib shell32.lib ole32.lib oleaut32.lib uuid.lib odbc32.lib odbccp32.lib /MANIFEST /MANIFESTUAC:"level='asInvoker' uiAccess='false'" /manifest:embed /Debug /PDB:"C:\Users\jsimpson\Git-Clones-001\win32proto\Win32Proto1\Debug\Win32Proto1.pdb" /SUBSYSTEM:WINDOWS /TLBID:1 /DYNAMICBASE /NXCOMPAT /IMPLIB:"C:\Users\jsimpson\Git-Clones-001\win32proto\Win32Proto1\Debug\Win32Proto1.lib" /MACHINE:X86 Debug\Card.obj
         Debug\GameEngine.obj
         Debug\Hand.obj
         Debug\Win32ProtoMainClass.obj
         LINK : C:\Users\jsimpson\Git-Clones-001\win32proto\Win32Proto1\Debug\Win32Proto1.exe not found or not built by the last incremental link; performing full link
         Win32Proto1.vcxproj -> C:\Users\jsimpson\Git-Clones-001\win32proto\Win32Proto1\Debug\Win32Proto1.exe
     1>Done Building Project "C:\Users\jsimpson\Git-Clones-001\win32proto\Win32Proto1\Win32Proto1\Win32Proto1.vcxproj" (Build target(s)).

Build succeeded.

Time Elapsed 00:00:03.80
